# JRE version: Java(TM) SE Runtime Environment (21.0.10+8) (build 21.0.10+8-LTS-217)
# Java VM: Java HotSpot(TM) 64-Bit Server VM (21.0.10+8-LTS-217, mixed mode, sharing, tiered, compressed oops, compressed class ptrs, g1 gc, windows-amd64)
GC Precious Log:
 CardTable entry size: 512
 Card Set container configuration: InlinePtr #cards 4 size 8 Array Of Cards #cards 16 size 48 Howl #buckets 8 coarsen threshold 3686 Howl Bitmap #cards 512 size 80 coarsen threshold 460 Card regions per heap region 1 cards per card region 4096
 CPUs: 8 total, 8 available
 Memory: 7418M
 Large Page Support: Disabled
 NUMA Support: Disabled
 Compressed Oops: Enabled (Zero based)
 Heap Region Size: 2M
 Heap Min Capacity: 8M
 Heap Initial Capacity: 116M
 Heap Max Capacity: 4G
 Pre-touch: Disabled
 Parallel Workers: 8
 Concurrent Workers: 2
 Concurrent Refinement Workers: 8
 Periodic GC: Disabled
Heap:
 garbage-first heap   total 153600K, used 103276K [0x0000000700000000, 0x0000000800000000)
  region size 2048K, 5 young (10240K), 3 survivors (6144K)
 Metaspace       used 77159K, committed 79616K, reserved 1179648K
  class space    used 10901K, committed 12096K, reserved 1048576K
GC Heap History (20 events):
Event: 40.787 GC heap before
{Heap before GC invocations=15 (full 0):
 garbage-first heap   total 98304K, used 53018K [0x0000000700000000, 0x0000000800000000)
  region size 2048K, 5 young (10240K), 3 survivors (6144K)
 Metaspace       used 58294K, committed 60608K, reserved 1114112K
  class space    used 8540K, committed 9728K, reserved 1048576K
}
Event: 40.792 GC heap after
{Heap after GC invocations=16 (full 0):
 garbage-first heap   total 98304K, used 52283K [0x0000000700000000, 0x0000000800000000)
  region size 2048K, 1 young (2048K), 1 survivors (2048K)
 Metaspace       used 58294K, committed 60608K, reserved 1114112K
  class space    used 8540K, committed 9728K, reserved 1048576K
}
Event: 42.835 GC heap before
{Heap before GC invocations=17 (full 0):
 garbage-first heap   total 98304K, used 85051K [0x0000000700000000, 0x0000000800000000)
  region size 2048K, 18 young (36864K), 1 survivors (2048K)
 Metaspace       used 63813K, committed 66112K, reserved 1114112K
  class space    used 9181K, committed 10304K, reserved 1048576K
}
Event: 42.840 GC heap after
{Heap after GC invocations=18 (full 0):
 garbage-first heap   total 98304K, used 54598K [0x0000000700000000, 0x0000000800000000)
  region size 2048K, 2 young (4096K), 2 survivors (4096K)
 Metaspace       used 63813K, committed 66112K, reserved 1114112K
  class space    used 9181K, committed 10304K, reserved 1048576K
}
Event: 44.994 GC heap before
{Heap before GC invocations=18 (full 0):
 garbage-first heap   total 98304K, used 85318K [0x0000000700000000, 0x0000000800000000)
  region size 2048K, 18 young (36864K), 2 survivors (4096K)
 Metaspace       used 65093K, committed 67392K, reserved 1114112K
  class space    used 9318K, committed 10432K, reserved 1048576K
}
Event: 45.002 GC heap after
{Heap after GC invocations=19 (full 0):
 garbage-first heap   total 98304K, used 56229K [0x0000000700000000, 0x0000000800000000)
  region size 2048K, 3 young (6144K), 3 survivors (6144K)
 Metaspace       used 65093K, committed 67392K, reserved 1114112K
  class space    used 9318K, committed 10432K, reserved 1048576K
}
Event: 47.525 GC heap before
{Heap before GC invocations=19 (full 0):
 garbage-first heap   total 98304K, used 84901K [0x0000000700000000, 0x0000000800000000)
  region size 2048K, 17 young (34816K), 3 survivors (6144K)
 Metaspace       used 67287K, committed 69632K, reserved 1114112K
  class space    used 9658K, committed 10816K, reserved 1048576K
}
Event: 47.532 GC heap after
{Heap after GC invocations=20 (full 0):
 garbage-first heap   total 98304K, used 57655K [0x0000000700000000, 0x0000000800000000)
  region size 2048K, 2 young (4096K), 2 survivors (4096K)
 Metaspace       used 67287K, committed 69632K, reserved 1114112K
  class space    used 9658K, committed 10816K, reserved 1048576K
}
Event: 49.111 GC heap before
{Heap before GC invocations=21 (full 0):
 garbage-first heap   total 102400K, used 84279K [0x0000000700000000, 0x0000000800000000)
  region size 2048K, 16 young (32768K), 2 survivors (4096K)
 Metaspace       used 68602K, committed 70976K, reserved 1114112K
  class space    used 9871K, committed 11008K, reserved 1048576K
}
Event: 49.119 GC heap after
{Heap after GC invocations=22 (full 0):
 garbage-first heap   total 102400K, used 60842K [0x0000000700000000, 0x0000000800000000)
  region size 2048K, 2 young (4096K), 2 survivors (4096K)
 Metaspace       used 68602K, committed 70976K, reserved 1114112K
  class space    used 9871K, committed 11008K, reserved 1048576K
}
Event: 50.147 GC heap before
{Heap before GC invocations=22 (full 0):
 garbage-first heap   total 102400K, used 87466K [0x0000000700000000, 0x0000000800000000)
  region size 2048K, 16 young (32768K), 2 survivors (4096K)
 Metaspace       used 69765K, committed 72128K, reserved 1114112K
  class space    used 10032K, committed 11200K, reserved 1048576K
}
Event: 50.155 GC heap after
{Heap after GC invocations=23 (full 0):
 garbage-first heap   total 102400K, used 64435K [0x0000000700000000, 0x0000000800000000)
  region size 2048K, 2 young (4096K), 2 survivors (4096K)
 Metaspace       used 69765K, committed 72128K, reserved 1114112K
  class space    used 10032K, committed 11200K, reserved 1048576K
}
Event: 50.368 GC heap before
{Heap before GC invocations=23 (full 0):
 garbage-first heap   total 102400K, used 89011K [0x0000000700000000, 0x0000000800000000)
  region size 2048K, 15 young (30720K), 2 survivors (4096K)
 Metaspace       used 69833K, committed 72192K, reserved 1114112K
  class space    used 10042K, committed 11200K, reserved 1048576K
}
Event: 50.378 GC heap after
{Heap after GC invocations=24 (full 0):
 garbage-first heap   total 102400K, used 70028K [0x0000000700000000, 0x0000000800000000)
  region size 2048K, 2 young (4096K), 2 survivors (4096K)
 Metaspace       used 69833K, committed 72192K, reserved 1114112K
  class space    used 10042K, committed 11200K, reserved 1048576K
}
Event: 50.544 GC heap before
{Heap before GC invocations=25 (full 0):
 garbage-first heap   total 141312K, used 86412K [0x0000000700000000, 0x0000000800000000)
  region size 2048K, 11 young (22528K), 2 survivors (4096K)
 Metaspace       used 69834K, committed 72192K, reserved 1114112K
  class space    used 10043K, committed 11200K, reserved 1048576K
}
Event: 50.557 GC heap after
{Heap after GC invocations=26 (full 0):
 garbage-first heap   total 141312K, used 74530K [0x0000000700000000, 0x0000000800000000)
  region size 2048K, 2 young (4096K), 2 survivors (4096K)
 Metaspace       used 69834K, committed 72192K, reserved 1114112K
  class space    used 10043K, committed 11200K, reserved 1048576K
}
Event: 54.022 GC heap before
{Heap before GC invocations=26 (full 0):
 garbage-first heap   total 141312K, used 119586K [0x0000000700000000, 0x0000000800000000)
  region size 2048K, 24 young (49152K), 2 survivors (4096K)
 Metaspace       used 71497K, committed 73856K, reserved 1114112K
  class space    used 10263K, committed 11456K, reserved 1048576K
}
Event: 54.047 GC heap after
{Heap after GC invocations=27 (full 0):
 garbage-first heap   total 141312K, used 82456K [0x0000000700000000, 0x0000000800000000)
  region size 2048K, 3 young (6144K), 3 survivors (6144K)
 Metaspace       used 71497K, committed 73856K, reserved 1114112K
  class space    used 10263K, committed 11456K, reserved 1048576K
}
Event: 54.395 GC heap before
{Heap before GC invocations=27 (full 0):
 garbage-first heap   total 141312K, used 82456K [0x0000000700000000, 0x0000000800000000)
  region size 2048K, 4 young (8192K), 3 survivors (6144K)
 Metaspace       used 71498K, committed 73856K, reserved 1114112K
  class space    used 10263K, committed 11456K, reserved 1048576K
}
Event: 54.407 GC heap after
{Heap after GC invocations=28 (full 0):
 garbage-first heap   total 141312K, used 83929K [0x0000000700000000, 0x0000000800000000)
  region size 2048K, 1 young (2048K), 1 survivors (2048K)
 Metaspace       used 71498K, committed 73856K, reserved 1114112K
  class space    used 10263K, committed 11456K, reserved 1048576K
}

